This file contains any messages produced by compilers while
running configure, to aid debugging if configure makes a mistake.

It was created by polyglot configure 1.4.70b, which was
generated by GNU Autoconf 2.63.  Invocation command line was

  $ ./configure 

## --------- ##
## Platform. ##
## --------- ##

hostname = Teds-MacBook-Pro.local
uname -m = x86_64
uname -r = 15.6.0
uname -s = Darwin
uname -v = Darwin Kernel Version 15.6.0: Mon Aug 29 20:21:34 PDT 2016; root:xnu-3248.60.11~1/RELEASE_X86_64

/usr/bin/uname -p = i386
/bin/uname -X     = unknown

/bin/arch              = unknown
/usr/bin/arch -k       = unknown
/usr/convex/getsysinfo = unknown
/usr/bin/hostinfo      = Mach kernel version:
	 Darwin Kernel Version 15.6.0: Mon Aug 29 20:21:34 PDT 2016; root:xnu-3248.60.11~1/RELEASE_X86_64
Kernel configured for up to 8 processors.
4 processors are physically available.
8 processors are logically available.
Processor type: x86_64h (Intel x86-64h Haswell)
Processors active: 0 1 2 3 4 5 6 7
Primary memory available: 16.00 gigabytes
Default processor set: 231 tasks, 1108 threads, 8 processors
Load average: 1.73, Mach factor: 6.25
/bin/machine           = unknown
/usr/bin/oslevel       = unknown
/bin/universe          = unknown

PATH: /Library/Frameworks/Python.framework/Versions/3.5/bin
PATH: /Library/Frameworks/Python.framework/Versions/3.5/bin
PATH: /usr/local/bin
PATH: /usr/bin
PATH: /bin
PATH: /usr/sbin
PATH: /sbin
PATH: /opt/X11/bin
PATH: /Library/TeX/texbin
PATH: /Users/tedwong/PredictionIO/bin


## ----------- ##
## Core tests. ##
## ----------- ##

configure:1871: checking for a BSD-compatible install
configure:1939: result: /usr/local/bin/ginstall -c
configure:1950: checking whether build environment is sane
configure:2010: result: yes
configure:2151: checking for a thread-safe mkdir -p
configure:2190: result: /usr/local/bin/gmkdir -p
configure:2203: checking for gawk
configure:2233: result: no
configure:2203: checking for mawk
configure:2233: result: no
configure:2203: checking for nawk
configure:2233: result: no
configure:2203: checking for awk
configure:2219: found /usr/bin/awk
configure:2230: result: awk
configure:2241: checking whether make sets $(MAKE)
configure:2263: result: yes
configure:2398: checking for gcc
configure:2414: found /usr/bin/gcc
configure:2425: result: gcc
configure:2657: checking for C compiler version
configure:2665: gcc --version >&5
Configured with: --prefix=/Applications/Xcode.app/Contents/Developer/usr --with-gxx-include-dir=/usr/include/c++/4.2.1
Apple LLVM version 8.0.0 (clang-800.0.42.1)
Target: x86_64-apple-darwin15.6.0
Thread model: posix
InstalledDir: /Applications/Xcode.app/Contents/Developer/Toolchains/XcodeDefault.xctoolchain/usr/bin
configure:2669: $? = 0
configure:2676: gcc -v >&5
Configured with: --prefix=/Applications/Xcode.app/Contents/Developer/usr --with-gxx-include-dir=/usr/include/c++/4.2.1
Apple LLVM version 8.0.0 (clang-800.0.42.1)
Target: x86_64-apple-darwin15.6.0
Thread model: posix
InstalledDir: /Applications/Xcode.app/Contents/Developer/Toolchains/XcodeDefault.xctoolchain/usr/bin
configure:2680: $? = 0
configure:2687: gcc -V >&5
clang: error: argument to '-V' is missing (expected 1 value)
clang: error: no input files
configure:2691: $? = 1
configure:2714: checking for C compiler default output file name
configure:2736: gcc    conftest.c  >&5
configure:2740: $? = 0
configure:2778: result: a.out
configure:2797: checking whether the C compiler works
configure:2807: ./a.out
configure:2811: $? = 0
configure:2830: result: yes
configure:2837: checking whether we are cross compiling
configure:2839: result: no
configure:2842: checking for suffix of executables
configure:2849: gcc -o conftest    conftest.c  >&5
configure:2853: $? = 0
configure:2879: result: 
configure:2885: checking for suffix of object files
configure:2911: gcc -c   conftest.c >&5
configure:2915: $? = 0
configure:2940: result: o
configure:2944: checking whether we are using the GNU C compiler
configure:2973: gcc -c   conftest.c >&5
configure:2980: $? = 0
configure:2997: result: yes
configure:3006: checking whether gcc accepts -g
configure:3036: gcc -c -g  conftest.c >&5
configure:3043: $? = 0
configure:3144: result: yes
configure:3161: checking for gcc option to accept ISO C89
configure:3235: gcc  -c -g -O2  conftest.c >&5
configure:3242: $? = 0
configure:3265: result: none needed
configure:3294: checking for style of include used by make
configure:3322: result: GNU
configure:3347: checking dependency style of gcc
configure:3457: result: gcc3
configure:3477: checking for main in -lm
configure:3506: gcc -o conftest -g -O2   conftest.c -lm   >&5
configure:3513: $? = 0
configure:3534: result: yes
configure:3552: checking how to run the C preprocessor
configure:3592: gcc -E  conftest.c
configure:3599: $? = 0
configure:3630: gcc -E  conftest.c
conftest.c:11:10: fatal error: 'ac_nonexistent.h' file not found
#include <ac_nonexistent.h>
         ^
1 error generated.
configure:3637: $? = 1
configure: failed program was:
| /* confdefs.h.  */
| #define PACKAGE_NAME "polyglot"
| #define PACKAGE_TARNAME "polyglot"
| #define PACKAGE_VERSION "1.4.70b"
| #define PACKAGE_STRING "polyglot 1.4.70b"
| #define PACKAGE_BUGREPORT "michel.vandenbergh@uhasselt.be"
| #define PACKAGE "polyglot"
| #define VERSION "1.4.70b"
| #define HAVE_LIBM 1
| /* end confdefs.h.  */
| #include <ac_nonexistent.h>
configure:3670: result: gcc -E
configure:3699: gcc -E  conftest.c
configure:3706: $? = 0
configure:3737: gcc -E  conftest.c
conftest.c:11:10: fatal error: 'ac_nonexistent.h' file not found
#include <ac_nonexistent.h>
         ^
1 error generated.
configure:3744: $? = 1
configure: failed program was:
| /* confdefs.h.  */
| #define PACKAGE_NAME "polyglot"
| #define PACKAGE_TARNAME "polyglot"
| #define PACKAGE_VERSION "1.4.70b"
| #define PACKAGE_STRING "polyglot 1.4.70b"
| #define PACKAGE_BUGREPORT "michel.vandenbergh@uhasselt.be"
| #define PACKAGE "polyglot"
| #define VERSION "1.4.70b"
| #define HAVE_LIBM 1
| /* end confdefs.h.  */
| #include <ac_nonexistent.h>
configure:3784: checking for grep that handles long lines and -e
configure:3844: result: /usr/bin/grep
configure:3849: checking for egrep
configure:3913: result: /usr/bin/grep -E
configure:3918: checking for ANSI C header files
configure:3948: gcc -c -g -O2  conftest.c >&5
configure:3955: $? = 0
configure:4054: gcc -o conftest -g -O2   conftest.c -lm  >&5
configure:4058: $? = 0
configure:4064: ./conftest
configure:4068: $? = 0
configure:4086: result: yes
configure:4110: checking for sys/types.h
configure:4131: gcc -c -g -O2  conftest.c >&5
configure:4138: $? = 0
configure:4155: result: yes
configure:4110: checking for sys/stat.h
configure:4131: gcc -c -g -O2  conftest.c >&5
configure:4138: $? = 0
configure:4155: result: yes
configure:4110: checking for stdlib.h
configure:4131: gcc -c -g -O2  conftest.c >&5
configure:4138: $? = 0
configure:4155: result: yes
configure:4110: checking for string.h
configure:4131: gcc -c -g -O2  conftest.c >&5
configure:4138: $? = 0
configure:4155: result: yes
configure:4110: checking for memory.h
configure:4131: gcc -c -g -O2  conftest.c >&5
configure:4138: $? = 0
configure:4155: result: yes
configure:4110: checking for strings.h
configure:4131: gcc -c -g -O2  conftest.c >&5
configure:4138: $? = 0
configure:4155: result: yes
configure:4110: checking for inttypes.h
configure:4131: gcc -c -g -O2  conftest.c >&5
configure:4138: $? = 0
configure:4155: result: yes
configure:4110: checking for stdint.h
configure:4131: gcc -c -g -O2  conftest.c >&5
configure:4138: $? = 0
configure:4155: result: yes
configure:4110: checking for unistd.h
configure:4131: gcc -c -g -O2  conftest.c >&5
configure:4138: $? = 0
configure:4155: result: yes
configure:4177: checking for stdlib.h
configure:4184: result: yes
configure:4177: checking for string.h
configure:4184: result: yes
configure:4188: checking sys/time.h usability
configure:4205: gcc -c -g -O2  conftest.c >&5
configure:4212: $? = 0
configure:4226: result: yes
configure:4230: checking sys/time.h presence
configure:4245: gcc -E  conftest.c
configure:4252: $? = 0
configure:4266: result: yes
configure:4299: checking for sys/time.h
configure:4308: result: yes
configure:4177: checking for unistd.h
configure:4184: result: yes
configure:4325: checking for stdbool.h that conforms to C99
configure:4420: gcc -c -g -O2  conftest.c >&5
conftest.c:52:12: warning: address of 's' will always evaluate to 'true' [-Wpointer-bool-conversion]
        bool e = &s;
             ~    ^
conftest.c:96:11: warning: address of array 'a' will always evaluate to 'true' [-Wpointer-bool-conversion]
        return (!a + !b + !c + !d + !e + !f + !g + !h + !i + !!j + !k + !!l
                ~^
conftest.c:96:16: warning: address of array 'b' will always evaluate to 'true' [-Wpointer-bool-conversion]
        return (!a + !b + !c + !d + !e + !f + !g + !h + !i + !!j + !k + !!l
                     ~^
conftest.c:96:21: warning: address of array 'c' will always evaluate to 'true' [-Wpointer-bool-conversion]
        return (!a + !b + !c + !d + !e + !f + !g + !h + !i + !!j + !k + !!l
                          ~^
conftest.c:96:26: warning: address of array 'd' will always evaluate to 'true' [-Wpointer-bool-conversion]
        return (!a + !b + !c + !d + !e + !f + !g + !h + !i + !!j + !k + !!l
                               ~^
conftest.c:96:36: warning: address of array 'f' will always evaluate to 'true' [-Wpointer-bool-conversion]
        return (!a + !b + !c + !d + !e + !f + !g + !h + !i + !!j + !k + !!l
                                         ~^
conftest.c:96:41: warning: address of array 'g' will always evaluate to 'true' [-Wpointer-bool-conversion]
        return (!a + !b + !c + !d + !e + !f + !g + !h + !i + !!j + !k + !!l
                                              ~^
conftest.c:96:46: warning: address of array 'h' will always evaluate to 'true' [-Wpointer-bool-conversion]
        return (!a + !b + !c + !d + !e + !f + !g + !h + !i + !!j + !k + !!l
                                                   ~^
conftest.c:96:51: warning: address of array 'i' will always evaluate to 'true' [-Wpointer-bool-conversion]
        return (!a + !b + !c + !d + !e + !f + !g + !h + !i + !!j + !k + !!l
                                                        ~^
conftest.c:97:11: warning: address of array 'n' will always evaluate to 'true' [-Wpointer-bool-conversion]
                       ~^
conftest.c:97:16: warning: address of array 'o' will always evaluate to 'true' [-Wpointer-bool-conversion]
                            ~^
conftest.c:97:21: warning: address of array 'p' will always evaluate to 'true' [-Wpointer-bool-conversion]
                                 ~^
12 warnings generated.
configure:4427: $? = 0
configure:4442: result: yes
configure:4444: checking for _Bool
configure:4472: gcc -c -g -O2  conftest.c >&5
configure:4479: $? = 0
configure:4506: gcc -c -g -O2  conftest.c >&5
conftest.c:61:20: error: expected expression
if (sizeof ((_Bool)))
                   ^
1 error generated.
configure:4513: $? = 1
configure: failed program was:
| /* confdefs.h.  */
| #define PACKAGE_NAME "polyglot"
| #define PACKAGE_TARNAME "polyglot"
| #define PACKAGE_VERSION "1.4.70b"
| #define PACKAGE_STRING "polyglot 1.4.70b"
| #define PACKAGE_BUGREPORT "michel.vandenbergh@uhasselt.be"
| #define PACKAGE "polyglot"
| #define VERSION "1.4.70b"
| #define HAVE_LIBM 1
| #define STDC_HEADERS 1
| #define HAVE_SYS_TYPES_H 1
| #define HAVE_SYS_STAT_H 1
| #define HAVE_STDLIB_H 1
| #define HAVE_STRING_H 1
| #define HAVE_MEMORY_H 1
| #define HAVE_STRINGS_H 1
| #define HAVE_INTTYPES_H 1
| #define HAVE_STDINT_H 1
| #define HAVE_UNISTD_H 1
| #define HAVE_STDLIB_H 1
| #define HAVE_STRING_H 1
| #define HAVE_SYS_TIME_H 1
| #define HAVE_UNISTD_H 1
| /* end confdefs.h.  */
| #include <stdio.h>
| #ifdef HAVE_SYS_TYPES_H
| # include <sys/types.h>
| #endif
| #ifdef HAVE_SYS_STAT_H
| # include <sys/stat.h>
| #endif
| #ifdef STDC_HEADERS
| # include <stdlib.h>
| # include <stddef.h>
| #else
| # ifdef HAVE_STDLIB_H
| #  include <stdlib.h>
| # endif
| #endif
| #ifdef HAVE_STRING_H
| # if !defined STDC_HEADERS && defined HAVE_MEMORY_H
| #  include <memory.h>
| # endif
| # include <string.h>
| #endif
| #ifdef HAVE_STRINGS_H
| # include <strings.h>
| #endif
| #ifdef HAVE_INTTYPES_H
| # include <inttypes.h>
| #endif
| #ifdef HAVE_STDINT_H
| # include <stdint.h>
| #endif
| #ifdef HAVE_UNISTD_H
| # include <unistd.h>
| #endif
| int
| main ()
| {
| if (sizeof ((_Bool)))
| 	  return 0;
|   ;
|   return 0;
| }
configure:4536: result: yes
configure:4555: checking for an ANSI C-conforming const
configure:4630: gcc -c -g -O2  conftest.c >&5
configure:4637: $? = 0
configure:4652: result: yes
configure:4662: checking for inline
configure:4688: gcc -c -g -O2  conftest.c >&5
configure:4695: $? = 0
configure:4713: result: inline
configure:4732: checking for pid_t
configure:4760: gcc -c -g -O2  conftest.c >&5
configure:4767: $? = 0
configure:4794: gcc -c -g -O2  conftest.c >&5
conftest.c:63:20: error: expected expression
if (sizeof ((pid_t)))
                   ^
1 error generated.
configure:4801: $? = 1
configure: failed program was:
| /* confdefs.h.  */
| #define PACKAGE_NAME "polyglot"
| #define PACKAGE_TARNAME "polyglot"
| #define PACKAGE_VERSION "1.4.70b"
| #define PACKAGE_STRING "polyglot 1.4.70b"
| #define PACKAGE_BUGREPORT "michel.vandenbergh@uhasselt.be"
| #define PACKAGE "polyglot"
| #define VERSION "1.4.70b"
| #define HAVE_LIBM 1
| #define STDC_HEADERS 1
| #define HAVE_SYS_TYPES_H 1
| #define HAVE_SYS_STAT_H 1
| #define HAVE_STDLIB_H 1
| #define HAVE_STRING_H 1
| #define HAVE_MEMORY_H 1
| #define HAVE_STRINGS_H 1
| #define HAVE_INTTYPES_H 1
| #define HAVE_STDINT_H 1
| #define HAVE_UNISTD_H 1
| #define HAVE_STDLIB_H 1
| #define HAVE_STRING_H 1
| #define HAVE_SYS_TIME_H 1
| #define HAVE_UNISTD_H 1
| #define HAVE__BOOL 1
| #define HAVE_STDBOOL_H 1
| /* end confdefs.h.  */
| #include <stdio.h>
| #ifdef HAVE_SYS_TYPES_H
| # include <sys/types.h>
| #endif
| #ifdef HAVE_SYS_STAT_H
| # include <sys/stat.h>
| #endif
| #ifdef STDC_HEADERS
| # include <stdlib.h>
| # include <stddef.h>
| #else
| # ifdef HAVE_STDLIB_H
| #  include <stdlib.h>
| # endif
| #endif
| #ifdef HAVE_STRING_H
| # if !defined STDC_HEADERS && defined HAVE_MEMORY_H
| #  include <memory.h>
| # endif
| # include <string.h>
| #endif
| #ifdef HAVE_STRINGS_H
| # include <strings.h>
| #endif
| #ifdef HAVE_INTTYPES_H
| # include <inttypes.h>
| #endif
| #ifdef HAVE_STDINT_H
| # include <stdint.h>
| #endif
| #ifdef HAVE_UNISTD_H
| # include <unistd.h>
| #endif
| int
| main ()
| {
| if (sizeof ((pid_t)))
| 	  return 0;
|   ;
|   return 0;
| }
configure:4824: result: yes
configure:4836: checking for size_t
configure:4864: gcc -c -g -O2  conftest.c >&5
configure:4871: $? = 0
configure:4898: gcc -c -g -O2  conftest.c >&5
conftest.c:63:21: error: expected expression
if (sizeof ((size_t)))
                    ^
1 error generated.
configure:4905: $? = 1
configure: failed program was:
| /* confdefs.h.  */
| #define PACKAGE_NAME "polyglot"
| #define PACKAGE_TARNAME "polyglot"
| #define PACKAGE_VERSION "1.4.70b"
| #define PACKAGE_STRING "polyglot 1.4.70b"
| #define PACKAGE_BUGREPORT "michel.vandenbergh@uhasselt.be"
| #define PACKAGE "polyglot"
| #define VERSION "1.4.70b"
| #define HAVE_LIBM 1
| #define STDC_HEADERS 1
| #define HAVE_SYS_TYPES_H 1
| #define HAVE_SYS_STAT_H 1
| #define HAVE_STDLIB_H 1
| #define HAVE_STRING_H 1
| #define HAVE_MEMORY_H 1
| #define HAVE_STRINGS_H 1
| #define HAVE_INTTYPES_H 1
| #define HAVE_STDINT_H 1
| #define HAVE_UNISTD_H 1
| #define HAVE_STDLIB_H 1
| #define HAVE_STRING_H 1
| #define HAVE_SYS_TIME_H 1
| #define HAVE_UNISTD_H 1
| #define HAVE__BOOL 1
| #define HAVE_STDBOOL_H 1
| /* end confdefs.h.  */
| #include <stdio.h>
| #ifdef HAVE_SYS_TYPES_H
| # include <sys/types.h>
| #endif
| #ifdef HAVE_SYS_STAT_H
| # include <sys/stat.h>
| #endif
| #ifdef STDC_HEADERS
| # include <stdlib.h>
| # include <stddef.h>
| #else
| # ifdef HAVE_STDLIB_H
| #  include <stdlib.h>
| # endif
| #endif
| #ifdef HAVE_STRING_H
| # if !defined STDC_HEADERS && defined HAVE_MEMORY_H
| #  include <memory.h>
| # endif
| # include <string.h>
| #endif
| #ifdef HAVE_STRINGS_H
| # include <strings.h>
| #endif
| #ifdef HAVE_INTTYPES_H
| # include <inttypes.h>
| #endif
| #ifdef HAVE_STDINT_H
| # include <stdint.h>
| #endif
| #ifdef HAVE_UNISTD_H
| # include <unistd.h>
| #endif
| int
| main ()
| {
| if (sizeof ((size_t)))
| 	  return 0;
|   ;
|   return 0;
| }
configure:4928: result: yes
configure:4940: checking whether time.h and sys/time.h may both be included
configure:4970: gcc -c -g -O2  conftest.c >&5
configure:4977: $? = 0
configure:4992: result: yes
configure:5020: checking vfork.h usability
configure:5037: gcc -c -g -O2  conftest.c >&5
conftest.c:61:10: fatal error: 'vfork.h' file not found
#include <vfork.h>
         ^
1 error generated.
configure:5044: $? = 1
configure: failed program was:
| /* confdefs.h.  */
| #define PACKAGE_NAME "polyglot"
| #define PACKAGE_TARNAME "polyglot"
| #define PACKAGE_VERSION "1.4.70b"
| #define PACKAGE_STRING "polyglot 1.4.70b"
| #define PACKAGE_BUGREPORT "michel.vandenbergh@uhasselt.be"
| #define PACKAGE "polyglot"
| #define VERSION "1.4.70b"
| #define HAVE_LIBM 1
| #define STDC_HEADERS 1
| #define HAVE_SYS_TYPES_H 1
| #define HAVE_SYS_STAT_H 1
| #define HAVE_STDLIB_H 1
| #define HAVE_STRING_H 1
| #define HAVE_MEMORY_H 1
| #define HAVE_STRINGS_H 1
| #define HAVE_INTTYPES_H 1
| #define HAVE_STDINT_H 1
| #define HAVE_UNISTD_H 1
| #define HAVE_STDLIB_H 1
| #define HAVE_STRING_H 1
| #define HAVE_SYS_TIME_H 1
| #define HAVE_UNISTD_H 1
| #define HAVE__BOOL 1
| #define HAVE_STDBOOL_H 1
| #define TIME_WITH_SYS_TIME 1
| /* end confdefs.h.  */
| #include <stdio.h>
| #ifdef HAVE_SYS_TYPES_H
| # include <sys/types.h>
| #endif
| #ifdef HAVE_SYS_STAT_H
| # include <sys/stat.h>
| #endif
| #ifdef STDC_HEADERS
| # include <stdlib.h>
| # include <stddef.h>
| #else
| # ifdef HAVE_STDLIB_H
| #  include <stdlib.h>
| # endif
| #endif
| #ifdef HAVE_STRING_H
| # if !defined STDC_HEADERS && defined HAVE_MEMORY_H
| #  include <memory.h>
| # endif
| # include <string.h>
| #endif
| #ifdef HAVE_STRINGS_H
| # include <strings.h>
| #endif
| #ifdef HAVE_INTTYPES_H
| # include <inttypes.h>
| #endif
| #ifdef HAVE_STDINT_H
| # include <stdint.h>
| #endif
| #ifdef HAVE_UNISTD_H
| # include <unistd.h>
| #endif
| #include <vfork.h>
configure:5058: result: no
configure:5062: checking vfork.h presence
configure:5077: gcc -E  conftest.c
conftest.c:28:10: fatal error: 'vfork.h' file not found
#include <vfork.h>
         ^
1 error generated.
configure:5084: $? = 1
configure: failed program was:
| /* confdefs.h.  */
| #define PACKAGE_NAME "polyglot"
| #define PACKAGE_TARNAME "polyglot"
| #define PACKAGE_VERSION "1.4.70b"
| #define PACKAGE_STRING "polyglot 1.4.70b"
| #define PACKAGE_BUGREPORT "michel.vandenbergh@uhasselt.be"
| #define PACKAGE "polyglot"
| #define VERSION "1.4.70b"
| #define HAVE_LIBM 1
| #define STDC_HEADERS 1
| #define HAVE_SYS_TYPES_H 1
| #define HAVE_SYS_STAT_H 1
| #define HAVE_STDLIB_H 1
| #define HAVE_STRING_H 1
| #define HAVE_MEMORY_H 1
| #define HAVE_STRINGS_H 1
| #define HAVE_INTTYPES_H 1
| #define HAVE_STDINT_H 1
| #define HAVE_UNISTD_H 1
| #define HAVE_STDLIB_H 1
| #define HAVE_STRING_H 1
| #define HAVE_SYS_TIME_H 1
| #define HAVE_UNISTD_H 1
| #define HAVE__BOOL 1
| #define HAVE_STDBOOL_H 1
| #define TIME_WITH_SYS_TIME 1
| /* end confdefs.h.  */
| #include <vfork.h>
configure:5098: result: no
configure:5131: checking for vfork.h
configure:5140: result: no
configure:5160: checking for fork
configure:5216: gcc -o conftest -g -O2   conftest.c -lm  >&5
configure:5223: $? = 0
configure:5245: result: yes
configure:5160: checking for vfork
configure:5216: gcc -o conftest -g -O2   conftest.c -lm  >&5
conftest.c:52:6: warning: incompatible redeclaration of library function 'vfork' [-Wincompatible-library-redeclaration]
char vfork ();
     ^
conftest.c:52:6: note: 'vfork' is a builtin with type 'int (void)'
1 warning generated.
configure:5223: $? = 0
configure:5245: result: yes
configure:5258: checking for working fork
configure:5290: gcc -o conftest -g -O2   conftest.c -lm  >&5
configure:5294: $? = 0
configure:5300: ./conftest
configure:5304: $? = 0
configure:5321: result: yes
configure:5342: checking for working vfork
configure:5483: result: yes
configure:5519: checking for stdlib.h
configure:5526: result: yes
configure:5665: checking for GNU libc compatible malloc
configure:5699: gcc -o conftest -g -O2   conftest.c -lm  >&5
configure:5703: $? = 0
configure:5709: ./conftest
configure:5713: $? = 0
configure:5730: result: yes
configure:5763: checking for stdlib.h
configure:5770: result: yes
configure:5909: checking for GNU libc compatible realloc
configure:5943: gcc -o conftest -g -O2   conftest.c -lm  >&5
configure:5947: $? = 0
configure:5953: ./conftest
configure:5957: $? = 0
configure:5974: result: yes
configure:6019: checking sys/select.h usability
configure:6036: gcc -c -g -O2  conftest.c >&5
configure:6043: $? = 0
configure:6057: result: yes
configure:6061: checking sys/select.h presence
configure:6076: gcc -E  conftest.c
configure:6083: $? = 0
configure:6097: result: yes
configure:6130: checking for sys/select.h
configure:6139: result: yes
configure:6019: checking sys/socket.h usability
configure:6036: gcc -c -g -O2  conftest.c >&5
configure:6043: $? = 0
configure:6057: result: yes
configure:6061: checking sys/socket.h presence
configure:6076: gcc -E  conftest.c
configure:6083: $? = 0
configure:6097: result: yes
configure:6130: checking for sys/socket.h
configure:6139: result: yes
configure:6154: checking types of arguments for select
configure:6192: gcc -c -g -O2  conftest.c >&5
configure:6199: $? = 0
configure:6220: result: int,fd_set *,struct timeval *
configure:6250: checking return type of signal handlers
configure:6278: gcc -c -g -O2  conftest.c >&5
conftest.c:47:8: error: indirection requires pointer operand ('void' invalid)
return *(signal (0, 0)) (0) == 1;
       ^~~~~~~~~~~~~~~~~~~~
1 error generated.
configure:6285: $? = 1
configure: failed program was:
| /* confdefs.h.  */
| #define PACKAGE_NAME "polyglot"
| #define PACKAGE_TARNAME "polyglot"
| #define PACKAGE_VERSION "1.4.70b"
| #define PACKAGE_STRING "polyglot 1.4.70b"
| #define PACKAGE_BUGREPORT "michel.vandenbergh@uhasselt.be"
| #define PACKAGE "polyglot"
| #define VERSION "1.4.70b"
| #define HAVE_LIBM 1
| #define STDC_HEADERS 1
| #define HAVE_SYS_TYPES_H 1
| #define HAVE_SYS_STAT_H 1
| #define HAVE_STDLIB_H 1
| #define HAVE_STRING_H 1
| #define HAVE_MEMORY_H 1
| #define HAVE_STRINGS_H 1
| #define HAVE_INTTYPES_H 1
| #define HAVE_STDINT_H 1
| #define HAVE_UNISTD_H 1
| #define HAVE_STDLIB_H 1
| #define HAVE_STRING_H 1
| #define HAVE_SYS_TIME_H 1
| #define HAVE_UNISTD_H 1
| #define HAVE__BOOL 1
| #define HAVE_STDBOOL_H 1
| #define TIME_WITH_SYS_TIME 1
| #define HAVE_FORK 1
| #define HAVE_VFORK 1
| #define HAVE_WORKING_VFORK 1
| #define HAVE_WORKING_FORK 1
| #define HAVE_STDLIB_H 1
| #define HAVE_MALLOC 1
| #define HAVE_STDLIB_H 1
| #define HAVE_REALLOC 1
| #define HAVE_SYS_SELECT_H 1
| #define HAVE_SYS_SOCKET_H 1
| #define SELECT_TYPE_ARG1 int
| #define SELECT_TYPE_ARG234 (fd_set *)
| #define SELECT_TYPE_ARG5 (struct timeval *)
| /* end confdefs.h.  */
| #include <sys/types.h>
| #include <signal.h>
| 
| int
| main ()
| {
| return *(signal (0, 0)) (0) == 1;
|   ;
|   return 0;
| }
configure:6300: result: void
configure:6312: checking for vprintf
configure:6368: gcc -o conftest -g -O2   conftest.c -lm  >&5
conftest.c:65:6: warning: incompatible redeclaration of library function 'vprintf' [-Wincompatible-library-redeclaration]
char vprintf ();
     ^
conftest.c:65:6: note: 'vprintf' is a builtin with type 'int (const char *, struct __va_list_tag *)'
1 warning generated.
configure:6375: $? = 0
configure:6397: result: yes
configure:6406: checking for _doprnt
configure:6462: gcc -o conftest -g -O2   conftest.c -lm  >&5
Undefined symbols for architecture x86_64:
  "__doprnt", referenced from:
      _main in conftest-c5427d.o
ld: symbol(s) not found for architecture x86_64
clang: error: linker command failed with exit code 1 (use -v to see invocation)
configure:6469: $? = 1
configure: failed program was:
| /* confdefs.h.  */
| #define PACKAGE_NAME "polyglot"
| #define PACKAGE_TARNAME "polyglot"
| #define PACKAGE_VERSION "1.4.70b"
| #define PACKAGE_STRING "polyglot 1.4.70b"
| #define PACKAGE_BUGREPORT "michel.vandenbergh@uhasselt.be"
| #define PACKAGE "polyglot"
| #define VERSION "1.4.70b"
| #define HAVE_LIBM 1
| #define STDC_HEADERS 1
| #define HAVE_SYS_TYPES_H 1
| #define HAVE_SYS_STAT_H 1
| #define HAVE_STDLIB_H 1
| #define HAVE_STRING_H 1
| #define HAVE_MEMORY_H 1
| #define HAVE_STRINGS_H 1
| #define HAVE_INTTYPES_H 1
| #define HAVE_STDINT_H 1
| #define HAVE_UNISTD_H 1
| #define HAVE_STDLIB_H 1
| #define HAVE_STRING_H 1
| #define HAVE_SYS_TIME_H 1
| #define HAVE_UNISTD_H 1
| #define HAVE__BOOL 1
| #define HAVE_STDBOOL_H 1
| #define TIME_WITH_SYS_TIME 1
| #define HAVE_FORK 1
| #define HAVE_VFORK 1
| #define HAVE_WORKING_VFORK 1
| #define HAVE_WORKING_FORK 1
| #define HAVE_STDLIB_H 1
| #define HAVE_MALLOC 1
| #define HAVE_STDLIB_H 1
| #define HAVE_REALLOC 1
| #define HAVE_SYS_SELECT_H 1
| #define HAVE_SYS_SOCKET_H 1
| #define SELECT_TYPE_ARG1 int
| #define SELECT_TYPE_ARG234 (fd_set *)
| #define SELECT_TYPE_ARG5 (struct timeval *)
| #define RETSIGTYPE void
| #define HAVE_VPRINTF 1
| /* end confdefs.h.  */
| /* Define _doprnt to an innocuous variant, in case <limits.h> declares _doprnt.
|    For example, HP-UX 11i <limits.h> declares gettimeofday.  */
| #define _doprnt innocuous__doprnt
| 
| /* System header to define __stub macros and hopefully few prototypes,
|     which can conflict with char _doprnt (); below.
|     Prefer <limits.h> to <assert.h> if __STDC__ is defined, since
|     <limits.h> exists even on freestanding compilers.  */
| 
| #ifdef __STDC__
| # include <limits.h>
| #else
| # include <assert.h>
| #endif
| 
| #undef _doprnt
| 
| /* Override any GCC internal prototype to avoid an error.
|    Use char because int might match the return type of a GCC
|    builtin and then its argument prototype would still apply.  */
| #ifdef __cplusplus
| extern "C"
| #endif
| char _doprnt ();
| /* The GNU C library defines this for functions which it implements
|     to always fail with ENOSYS.  Some functions are actually named
|     something starting with __ and the normal name is an alias.  */
| #if defined __stub__doprnt || defined __stub____doprnt
| choke me
| #endif
| 
| int
| main ()
| {
| return _doprnt ();
|   ;
|   return 0;
| }
configure:6489: result: no
configure:6516: checking for dup2
configure:6572: gcc -o conftest -g -O2   conftest.c -lm  >&5
configure:6579: $? = 0
configure:6601: result: yes
configure:6516: checking for floor
configure:6572: gcc -o conftest -g -O2   conftest.c -lm  >&5
conftest.c:67:6: warning: incompatible redeclaration of library function 'floor' [-Wincompatible-library-redeclaration]
char floor ();
     ^
conftest.c:67:6: note: 'floor' is a builtin with type 'double (double)'
1 warning generated.
configure:6579: $? = 0
configure:6601: result: yes
configure:6516: checking for gettimeofday
configure:6572: gcc -o conftest -g -O2   conftest.c -lm  >&5
configure:6579: $? = 0
configure:6601: result: yes
configure:6516: checking for memchr
configure:6572: gcc -o conftest -g -O2   conftest.c -lm  >&5
conftest.c:69:6: warning: incompatible redeclaration of library function 'memchr' [-Wincompatible-library-redeclaration]
char memchr ();
     ^
conftest.c:69:6: note: 'memchr' is a builtin with type 'void *(const void *, int, unsigned long)'
1 warning generated.
configure:6579: $? = 0
configure:6601: result: yes
configure:6516: checking for memmove
configure:6572: gcc -o conftest -g -O2   conftest.c -lm  >&5
conftest.c:70:6: warning: incompatible redeclaration of library function 'memmove' [-Wincompatible-library-redeclaration]
char memmove ();
     ^
conftest.c:70:6: note: 'memmove' is a builtin with type 'void *(void *, const void *, unsigned long)'
1 warning generated.
configure:6579: $? = 0
configure:6601: result: yes
configure:6516: checking for select
configure:6572: gcc -o conftest -g -O2   conftest.c -lm  >&5
configure:6579: $? = 0
configure:6601: result: yes
configure:6516: checking for strchr
configure:6572: gcc -o conftest -g -O2   conftest.c -lm  >&5
conftest.c:72:6: warning: incompatible redeclaration of library function 'strchr' [-Wincompatible-library-redeclaration]
char strchr ();
     ^
conftest.c:72:6: note: 'strchr' is a builtin with type 'char *(const char *, int)'
1 warning generated.
configure:6579: $? = 0
configure:6601: result: yes
configure:6516: checking for strdup
configure:6572: gcc -o conftest -g -O2   conftest.c -lm  >&5
conftest.c:73:6: warning: incompatible redeclaration of library function 'strdup' [-Wincompatible-library-redeclaration]
char strdup ();
     ^
conftest.c:73:6: note: 'strdup' is a builtin with type 'char *(const char *)'
1 warning generated.
configure:6579: $? = 0
configure:6601: result: yes
configure:6516: checking for strerror
configure:6572: gcc -o conftest -g -O2   conftest.c -lm  >&5
conftest.c:74:6: warning: incompatible redeclaration of library function 'strerror' [-Wincompatible-library-redeclaration]
char strerror ();
     ^
conftest.c:74:6: note: 'strerror' is a builtin with type 'char *(int)'
1 warning generated.
configure:6579: $? = 0
configure:6601: result: yes
configure:6516: checking for strstr
configure:6572: gcc -o conftest -g -O2   conftest.c -lm  >&5
conftest.c:75:6: warning: incompatible redeclaration of library function 'strstr' [-Wincompatible-library-redeclaration]
char strstr ();
     ^
conftest.c:75:6: note: 'strstr' is a builtin with type 'char *(const char *, const char *)'
1 warning generated.
configure:6579: $? = 0
configure:6601: result: yes
configure:6741: creating ./config.status

## ---------------------- ##
## Running config.status. ##
## ---------------------- ##

This file was extended by polyglot config.status 1.4.70b, which was
generated by GNU Autoconf 2.63.  Invocation command line was

  CONFIG_FILES    = 
  CONFIG_HEADERS  = 
  CONFIG_LINKS    = 
  CONFIG_COMMANDS = 
  $ ./config.status 

on Teds-MacBook-Pro.local

config.status:804: creating Makefile
config.status:804: creating config.h
config.status:1026: config.h is unchanged
config.status:1078: executing depfiles commands

## ---------------- ##
## Cache variables. ##
## ---------------- ##

ac_cv_c_compiler_gnu=yes
ac_cv_c_const=yes
ac_cv_c_inline=inline
ac_cv_env_CC_set=
ac_cv_env_CC_value=
ac_cv_env_CFLAGS_set=
ac_cv_env_CFLAGS_value=
ac_cv_env_CPPFLAGS_set=
ac_cv_env_CPPFLAGS_value=
ac_cv_env_CPP_set=
ac_cv_env_CPP_value=
ac_cv_env_LDFLAGS_set=
ac_cv_env_LDFLAGS_value=
ac_cv_env_LIBS_set=
ac_cv_env_LIBS_value=
ac_cv_env_build_alias_set=
ac_cv_env_build_alias_value=
ac_cv_env_host_alias_set=
ac_cv_env_host_alias_value=
ac_cv_env_target_alias_set=
ac_cv_env_target_alias_value=
ac_cv_func__doprnt=no
ac_cv_func_dup2=yes
ac_cv_func_floor=yes
ac_cv_func_fork=yes
ac_cv_func_fork_works=yes
ac_cv_func_gettimeofday=yes
ac_cv_func_malloc_0_nonnull=yes
ac_cv_func_memchr=yes
ac_cv_func_memmove=yes
ac_cv_func_realloc_0_nonnull=yes
ac_cv_func_select=yes
ac_cv_func_select_args='int,fd_set *,struct timeval *'
ac_cv_func_setvbuf_reversed=no
ac_cv_func_strchr=yes
ac_cv_func_strdup=yes
ac_cv_func_strerror=yes
ac_cv_func_strstr=yes
ac_cv_func_vfork=yes
ac_cv_func_vfork_works=yes
ac_cv_func_vprintf=yes
ac_cv_header_inttypes_h=yes
ac_cv_header_memory_h=yes
ac_cv_header_stdbool_h=yes
ac_cv_header_stdc=yes
ac_cv_header_stdint_h=yes
ac_cv_header_stdlib_h=yes
ac_cv_header_string_h=yes
ac_cv_header_strings_h=yes
ac_cv_header_sys_select_h=yes
ac_cv_header_sys_socket_h=yes
ac_cv_header_sys_stat_h=yes
ac_cv_header_sys_time_h=yes
ac_cv_header_sys_types_h=yes
ac_cv_header_time=yes
ac_cv_header_unistd_h=yes
ac_cv_header_vfork_h=no
ac_cv_lib_m_main=yes
ac_cv_objext=o
ac_cv_path_EGREP='/usr/bin/grep -E'
ac_cv_path_GREP=/usr/bin/grep
ac_cv_path_install='/usr/local/bin/ginstall -c'
ac_cv_path_mkdir=/usr/local/bin/gmkdir
ac_cv_prog_AWK=awk
ac_cv_prog_CPP='gcc -E'
ac_cv_prog_ac_ct_CC=gcc
ac_cv_prog_cc_c89=
ac_cv_prog_cc_g=yes
ac_cv_prog_make_make_set=yes
ac_cv_type__Bool=yes
ac_cv_type_pid_t=yes
ac_cv_type_signal=void
ac_cv_type_size_t=yes
am_cv_CC_dependencies_compiler_type=gcc3

## ----------------- ##
## Output variables. ##
## ----------------- ##

ACLOCAL='${SHELL} /Users/tedwong/Sources/Book/missing --run aclocal-1.11'
AMDEPBACKSLASH='\'
AMDEP_FALSE='#'
AMDEP_TRUE=''
AMTAR='${SHELL} /Users/tedwong/Sources/Book/missing --run tar'
AUTOCONF='${SHELL} /Users/tedwong/Sources/Book/missing --run autoconf'
AUTOHEADER='${SHELL} /Users/tedwong/Sources/Book/missing --run autoheader'
AUTOMAKE='${SHELL} /Users/tedwong/Sources/Book/missing --run automake-1.11'
AWK='awk'
CC='gcc'
CCDEPMODE='depmode=gcc3'
CFLAGS='-g -O2'
CPP='gcc -E'
CPPFLAGS=''
CYGPATH_W='echo'
DEFS='-DHAVE_CONFIG_H'
DEPDIR='.deps'
ECHO_C='\c'
ECHO_N=''
ECHO_T=''
EGREP='/usr/bin/grep -E'
EXEEXT=''
GREP='/usr/bin/grep'
INSTALL_DATA='${INSTALL} -m 644'
INSTALL_PROGRAM='${INSTALL}'
INSTALL_SCRIPT='${INSTALL}'
INSTALL_STRIP_PROGRAM='$(install_sh) -c -s'
LDFLAGS=''
LIBOBJS=''
LIBS='-lm '
LTLIBOBJS=''
MAKEINFO='${SHELL} /Users/tedwong/Sources/Book/missing --run makeinfo'
MKDIR_P='/usr/local/bin/gmkdir -p'
OBJEXT='o'
PACKAGE='polyglot'
PACKAGE_BUGREPORT='michel.vandenbergh@uhasselt.be'
PACKAGE_NAME='polyglot'
PACKAGE_STRING='polyglot 1.4.70b'
PACKAGE_TARNAME='polyglot'
PACKAGE_VERSION='1.4.70b'
PATH_SEPARATOR=':'
SET_MAKE=''
SHELL='/bin/sh'
STRIP=''
VERSION='1.4.70b'
ac_ct_CC='gcc'
am__EXEEXT_FALSE=''
am__EXEEXT_TRUE='#'
am__fastdepCC_FALSE='#'
am__fastdepCC_TRUE=''
am__include='include'
am__isrc=''
am__leading_dot='.'
am__quote=''
am__tar='${AMTAR} chof - "$$tardir"'
am__untar='${AMTAR} xf -'
bindir='${exec_prefix}/bin'
build_alias=''
datadir='${datarootdir}'
datarootdir='${prefix}/share'
docdir='${datarootdir}/doc/${PACKAGE_TARNAME}'
dvidir='${docdir}'
exec_prefix='${prefix}'
host_alias=''
htmldir='${docdir}'
includedir='${prefix}/include'
infodir='${datarootdir}/info'
install_sh='${SHELL} /Users/tedwong/Sources/Book/install-sh'
libdir='${exec_prefix}/lib'
libexecdir='${exec_prefix}/libexec'
localedir='${datarootdir}/locale'
localstatedir='${prefix}/var'
mandir='${datarootdir}/man'
mkdir_p='/usr/local/bin/gmkdir -p'
oldincludedir='/usr/include'
pdfdir='${docdir}'
prefix='/usr/local'
program_transform_name='s,x,x,'
psdir='${docdir}'
sbindir='${exec_prefix}/sbin'
sharedstatedir='${prefix}/com'
sysconfdir='${prefix}/etc'
target_alias=''

## ----------- ##
## confdefs.h. ##
## ----------- ##

#define PACKAGE_NAME "polyglot"
#define PACKAGE_TARNAME "polyglot"
#define PACKAGE_VERSION "1.4.70b"
#define PACKAGE_STRING "polyglot 1.4.70b"
#define PACKAGE_BUGREPORT "michel.vandenbergh@uhasselt.be"
#define PACKAGE "polyglot"
#define VERSION "1.4.70b"
#define HAVE_LIBM 1
#define STDC_HEADERS 1
#define HAVE_SYS_TYPES_H 1
#define HAVE_SYS_STAT_H 1
#define HAVE_STDLIB_H 1
#define HAVE_STRING_H 1
#define HAVE_MEMORY_H 1
#define HAVE_STRINGS_H 1
#define HAVE_INTTYPES_H 1
#define HAVE_STDINT_H 1
#define HAVE_UNISTD_H 1
#define HAVE_STDLIB_H 1
#define HAVE_STRING_H 1
#define HAVE_SYS_TIME_H 1
#define HAVE_UNISTD_H 1
#define HAVE__BOOL 1
#define HAVE_STDBOOL_H 1
#define TIME_WITH_SYS_TIME 1
#define HAVE_FORK 1
#define HAVE_VFORK 1
#define HAVE_WORKING_VFORK 1
#define HAVE_WORKING_FORK 1
#define HAVE_STDLIB_H 1
#define HAVE_MALLOC 1
#define HAVE_STDLIB_H 1
#define HAVE_REALLOC 1
#define HAVE_SYS_SELECT_H 1
#define HAVE_SYS_SOCKET_H 1
#define SELECT_TYPE_ARG1 int
#define SELECT_TYPE_ARG234 (fd_set *)
#define SELECT_TYPE_ARG5 (struct timeval *)
#define RETSIGTYPE void
#define HAVE_VPRINTF 1
#define HAVE_DUP2 1
#define HAVE_FLOOR 1
#define HAVE_GETTIMEOFDAY 1
#define HAVE_MEMCHR 1
#define HAVE_MEMMOVE 1
#define HAVE_SELECT 1
#define HAVE_STRCHR 1
#define HAVE_STRDUP 1
#define HAVE_STRERROR 1
#define HAVE_STRSTR 1

configure: exit 0

## ---------------------- ##
## Running config.status. ##
## ---------------------- ##

This file was extended by polyglot config.status 1.4.70b, which was
generated by GNU Autoconf 2.63.  Invocation command line was

  CONFIG_FILES    = 
  CONFIG_HEADERS  = 
  CONFIG_LINKS    = 
  CONFIG_COMMANDS = 
  $ ./config.status config.h

on Teds-MacBook-Pro.local

config.status:804: creating config.h
config.status:1026: config.h is unchanged

## ---------------------- ##
## Running config.status. ##
## ---------------------- ##

This file was extended by polyglot config.status 1.4.70b, which was
generated by GNU Autoconf 2.63.  Invocation command line was

  CONFIG_FILES    = 
  CONFIG_HEADERS  = 
  CONFIG_LINKS    = 
  CONFIG_COMMANDS = 
  $ ./config.status config.h

on Teds-MacBook-Pro.local

config.status:804: creating config.h
config.status:1026: config.h is unchanged
